0 info it worked if it ends with ok
1 verbose cli [ '/usr/local/bin/node', '/usr/local/bin/npm', 'start' ]
2 info using npm@3.3.8
3 info using node@v4.1.1
4 verbose run-script [ 'prestart', 'start', 'poststart' ]
5 info lifecycle react-boilerplate@0.1.0~prestart: react-boilerplate@0.1.0
6 silly lifecycle react-boilerplate@0.1.0~prestart: no script for prestart, continuing
7 info lifecycle react-boilerplate@0.1.0~start: react-boilerplate@0.1.0
8 verbose lifecycle react-boilerplate@0.1.0~start: unsafe-perm in lifecycle true
9 verbose lifecycle react-boilerplate@0.1.0~start: PATH: /usr/local/lib/node_modules/npm/bin/node-gyp-bin:/Users/gbrlsepulveda/Labs/b2w/react-boilerplate/node_modules/.bin:/usr/local/Cellar/apache-ant-1.9.4/bin:/Users/gbrlsepulveda/Library/Android/sdk/tools:/Users/gbrlsepulveda/Library/Android/sdk/platform-tools:/usr/local/bin:/usr/bin:/bin:/usr/sbin:/sbin
10 verbose lifecycle react-boilerplate@0.1.0~start: CWD: /Users/gbrlsepulveda/Labs/b2w/react-boilerplate
11 silly lifecycle react-boilerplate@0.1.0~start: Args: [ '-c', './node_modules/gulp/bin/gulp.js serve' ]
12 silly lifecycle react-boilerplate@0.1.0~start: Returned: code: 1  signal: null
13 info lifecycle react-boilerplate@0.1.0~start: Failed to exec start script
14 verbose stack Error: react-boilerplate@0.1.0 start: `./node_modules/gulp/bin/gulp.js serve`
14 verbose stack Exit status 1
14 verbose stack     at EventEmitter.<anonymous> (/usr/local/lib/node_modules/npm/lib/utils/lifecycle.js:233:16)
14 verbose stack     at emitTwo (events.js:87:13)
14 verbose stack     at EventEmitter.emit (events.js:172:7)
14 verbose stack     at ChildProcess.<anonymous> (/usr/local/lib/node_modules/npm/lib/utils/spawn.js:24:14)
14 verbose stack     at emitTwo (events.js:87:13)
14 verbose stack     at ChildProcess.emit (events.js:172:7)
14 verbose stack     at maybeClose (internal/child_process.js:817:16)
14 verbose stack     at Process.ChildProcess._handle.onexit (internal/child_process.js:211:5)
15 verbose pkgid react-boilerplate@0.1.0
16 verbose cwd /Users/gbrlsepulveda/Labs/b2w/react-boilerplate
17 error Darwin 15.4.0
18 error argv "/usr/local/bin/node" "/usr/local/bin/npm" "start"
19 error node v4.1.1
20 error npm  v3.3.8
21 error code ELIFECYCLE
22 error react-boilerplate@0.1.0 start: `./node_modules/gulp/bin/gulp.js serve`
22 error Exit status 1
23 error Failed at the react-boilerplate@0.1.0 start script './node_modules/gulp/bin/gulp.js serve'.
23 error This is most likely a problem with the react-boilerplate package,
23 error not with npm itself.
23 error Tell the author that this fails on your system:
23 error     ./node_modules/gulp/bin/gulp.js serve
23 error You can get their info via:
23 error     npm owner ls react-boilerplate
23 error There is likely additional logging output above.
24 verbose exit [ 1, true ]
